<?xml version="1.0" encoding="UTF-8"?>
<testsuite xmlns:xsi="http://www.w3.org/2001/XMLSchema-instance" xsi:noNamespaceSchemaLocation="https://maven.apache.org/surefire/maven-surefire-plugin/xsd/surefire-test-report.xsd" name="com.nsl.poet.GraphPoetTest" time="0.001" tests="1" errors="0" skipped="0" failures="0">
  <properties>
    <property name="java.specification.version" value="17"/>
    <property name="sun.jnu.encoding" value="UTF-8"/>
    <property name="java.class.path" value="/data/data/com.termux/files/home/pgd/pjt/cs-study/6.005/assignment2/ps2/target/test-classes:/data/data/com.termux/files/home/pgd/pjt/cs-study/6.005/assignment2/ps2/target/classes:/data/data/com.termux/files/home/.m2/repository/junit/junit/4.8.1/junit-4.8.1.jar:"/>
    <property name="java.vm.vendor" value="Oracle Corporation"/>
    <property name="sun.arch.data.model" value="64"/>
    <property name="java.vendor.url" value="https://openjdk.java.net/"/>
    <property name="os.name" value="Linux"/>
    <property name="java.vm.specification.version" value="17"/>
    <property name="sun.java.launcher" value="SUN_STANDARD"/>
    <property name="sun.boot.library.path" value="/data/data/com.termux/files/usr/opt/openjdk/lib"/>
    <property name="sun.java.command" value="/data/data/com.termux/files/home/pgd/pjt/cs-study/6.005/assignment2/ps2/target/surefire/surefirebooter985334275219117794.jar /data/data/com.termux/files/home/pgd/pjt/cs-study/6.005/assignment2/ps2/target/surefire 2022-05-22T12-09-46_979-jvmRun1 surefire11928760614032282928tmp surefire_017540524953805260699tmp"/>
    <property name="jdk.debug" value="release"/>
    <property name="surefire.test.class.path" value="/data/data/com.termux/files/home/pgd/pjt/cs-study/6.005/assignment2/ps2/target/test-classes:/data/data/com.termux/files/home/pgd/pjt/cs-study/6.005/assignment2/ps2/target/classes:/data/data/com.termux/files/home/.m2/repository/junit/junit/4.8.1/junit-4.8.1.jar:"/>
    <property name="sun.cpu.endian" value="little"/>
    <property name="user.home" value="/data/data/com.termux/files/home"/>
    <property name="user.language" value="en"/>
    <property name="java.specification.vendor" value="Oracle Corporation"/>
    <property name="java.version.date" value="2021-09-14"/>
    <property name="java.home" value="/data/data/com.termux/files/usr/opt/openjdk"/>
    <property name="file.separator" value="/"/>
    <property name="basedir" value="/data/data/com.termux/files/home/pgd/pjt/cs-study/6.005/assignment2/ps2"/>
    <property name="java.vm.compressedOopsMode" value="32-bit"/>
    <property name="line.separator" value="&#10;"/>
    <property name="java.vm.specification.vendor" value="Oracle Corporation"/>
    <property name="java.specification.name" value="Java Platform API Specification"/>
    <property name="surefire.real.class.path" value="/data/data/com.termux/files/home/pgd/pjt/cs-study/6.005/assignment2/ps2/target/surefire/surefirebooter985334275219117794.jar"/>
    <property name="sun.management.compiler" value="HotSpot 64-Bit Tiered Compilers"/>
    <property name="java.runtime.version" value="17-internal+0-adhoc..src"/>
    <property name="user.name" value="u0_a276"/>
    <property name="path.separator" value=":"/>
    <property name="os.version" value="5.4.86-qgki-23595105-abT733XXU1BVD2"/>
    <property name="java.runtime.name" value="OpenJDK Runtime Environment"/>
    <property name="file.encoding" value="UTF-8"/>
    <property name="java.vm.name" value="OpenJDK 64-Bit Server VM"/>
    <property name="localRepository" value="/data/data/com.termux/files/home/.m2/repository"/>
    <property name="java.vendor.url.bug" value="https://bugreport.java.com/bugreport/"/>
    <property name="java.io.tmpdir" value="/data/data/com.termux/files/usr/tmp/"/>
    <property name="java.version" value="17-internal"/>
    <property name="user.dir" value="/data/data/com.termux/files/home/pgd/pjt/cs-study/6.005/assignment2/ps2"/>
    <property name="os.arch" value="aarch64"/>
    <property name="java.vm.specification.name" value="Java Virtual Machine Specification"/>
    <property name="native.encoding" value="UTF-8"/>
    <property name="java.library.path" value="/data/data/com.termux/files/usr/java/packages/lib:/data/data/com.termux/files/usr/lib"/>
    <property name="java.vm.info" value="mixed mode"/>
    <property name="java.vendor" value="N/A"/>
    <property name="java.vm.version" value="17-internal+0-adhoc..src"/>
    <property name="sun.io.unicode.encoding" value="UnicodeLittle"/>
    <property name="java.class.version" value="61.0"/>
  </properties>
  <testcase name="testAssertionsEnabled" classname="com.nsl.poet.GraphPoetTest" time="0"/>
</testsuite>